
[rf_ook] on raspi
frq=6C7AE1
frq=6C7AE1
     0  1  2  3  4  5  6  7  8  9  A  B  C  D  E  D
00: 00 10 68 03 D0 02 E1 6C 7A E1 41 20 02 92 F5 20
10: 24 80 09 1A 40 B0 7B 9B 89 50 42 40 80 3C 50 00
20: 00 FF E1 00 B3 80 07 D8 00 FF 00 00 00 05 00 2D
30: 2A 00 00 00 00 00 00 D0 42 00 00 00 8F 12 00 00
40: 00 00 00 00 00 00 00 00 00 00 00 00 00 00 01 00

15077  15     1 KAKU  230e (123/173)
15127      50 2 KAKU  230e (127/183)
15177      50 3 KAKU  230e (129/130)
15227      50 4 KAKU  230e (125/151)
15277      50 5 KAKU  230e (129/183)
15328      51 6 KAKU  ff0f (128/147)
15378      50 7 KAKU  ff0f (100/155)
15428      50 8 KAKU  ff0f (154/182)
16174     746 9 KAKU  230e (128/181)
16224      50 10 KAKU  230e (90/144)
16275      51 11 KAKU  230e (154/182)
17054     779 12 KAKU  230e (101/154)
17104      50 13 KAKU  230e (128/182)
17154      50 14 KAKU  230e (101/129)
17205      51 15 KAKU  ff0f (128/149)
17649     444 16 KAKU  230e (101/128)
17699      50 17 KAKU  230e (152/154)
17749      50 18 KAKU  ff0f (129/182)
17800      51 19 KAKU  ff0f (74/129)
18091     291 20 KAKU  230e (153/182)
18141      50 21 KAKU  230e (127/182)
18191      50 22 KAKU  230e (129/182)
18241      50 23 KAKU  ff0f (128/182)
18594     353 24 KAKU  230e (78/132)
18644      50 25 KAKU  230e (122/178)
18694      50 26 KAKU  230e (135/156)
18745      51 27 KAKU  230e (129/182)
18795      50 28 KAKU  230e (128/182)
18845      50 29 KAKU  230e (127/181)
18895      50 30 KAKU  230e (129/130)
18946      51 31 KAKU  230e (93/147)
18996      50 32 KAKU  230e (127/181)
19046      50 33 KAKU  230e (100/154)
19097      51 34 KAKU  230e (128/181)
19147      50 35 KAKU  230e (128/154)
19197      50 36 KAKU  230e (127/181)
19248      51 37 KAKU  230e (126/166)
19298      50 38 KAKU  230e (127/181)
19348      50 39 KAKU  230e (78/131)
19398      50 40 KAKU  230e (128/182)
19449      51 41 KAKU  230e (75/128)
19499      50 42 KAKU  230e (127/182)
19549      50 43 KAKU  230e (100/126)
19600      51 44 KAKU  230e (152/181)
19650      50 45 KAKU  230e (128/150)
19700      50 46 KAKU  230e (132/152)
19751      51 47 KAKU  230e (128/152)
19801      50 48 KAKU  230e (149/181)
19851      50 49 KAKU  230e (100/127)
19902      51 50 KAKU  230e (151/180)
19952      50 51 KAKU  230e (126/143)
20002      50 52 KAKU  230e (152/153)
20052      50 53 KAKU  230e (126/153)
20103      51 54 KAKU  230e (151/151)
20153      50 55 KAKU  230e (100/125)
20204      51 56 KAKU  230e (121/171)
20254      50 57 KAKU  230e (75/125)
20304      50 58 KAKU  230e (128/180)
20354      50 59 KAKU  230e (103/129)
20405      51 60 KAKU  230e (150/183)
20455      50 61 KAKU  230e (129/145)
20506      51 62 KAKU  230e (155/156)
20556      50 63 KAKU  230e (126/155)
20606      50 64 KAKU  230e (118/170)
20657      51 65 KAKU  230e (127/181)
20707      50 66 KAKU  230e (101/155)
20757      50 67 KAKU  230e (75/128)
20808      51 68 KAKU  230e (126/182)
20858      50 69 KAKU  230e (79/132)
20908      50 70 KAKU  230e (128/183)
20959      51 71 KAKU  230e (97/153)
21009      50 72 KAKU  230e (127/183)
21059      50 73 KAKU  230e (89/140)
21110      51 74 KAKU  230e (122/174)
21160      50 75 KAKU  230e (97/146)
21211      51 76 KAKU  230e (125/173)
21261      50 77 KAKU  230e (143/149)
21311      50 78 KAKU  230e (124/171)
21362      51 79 KAKU  230e (122/168)
21412      50 80 KAKU  230e (122/174)
21462      50 81 KAKU  230e (102/153)
21513      51 82 KAKU  230e (124/173)
21563      50 83 KAKU  230e (121/160)
21614      51 84 KAKU  230e (124/174)
21664      50 85 KAKU  230e (124/149)
21714      50 86 KAKU  230e (124/173)
21765      51 87 KAKU  230e (136/149)
21815      50 88 KAKU  230e (100/125)
21866      51 89 KAKU  230e (124/176)
21916      50 90 KAKU  230e (100/125)
21966      50 91 KAKU  230e (126/177)
22017      51 92 KAKU  230e (73/125)
22067      50 93 KAKU  230e (125/177)
22117      50 94 KAKU  230e (80/130)
22168      51 95 KAKU  230e (125/177)
22218      50 96 KAKU  230e (134/144)
22269      51 97 KAKU  230e (125/124)
22319      50 98 KAKU  230e (130/150)
22369      50 99 KAKU  230e (125/151)
22420      51 100 KAKU  230e (147/151)
22470      50 101 KAKU  230e (126/148)
22521      51 102 KAKU  230e (151/177)
22621     100 103 KAKU  230e (124/150)
22671      50 104 KAKU  230e (75/127)
22722      51 105 KAKU  230e (125/153)
22772      50 106 KAKU  230e (124/177)
22823      51 107 KAKU  230e (125/129)
22873      50 108 KAKU  230e (72/125)
22924      51 109 KAKU  230e (125/149)
22974      50 110 KAKU  230e (125/177)
23024      50 111 KAKU  230e (100/126)
23075      51 112 KAKU  230e (120/170)
23125      50 113 KAKU  230e (124/177)
23176      51 114 KAKU  230e (126/146)
23226      50 115 KAKU  230e (98/151)
23428     202 116 KAKU  230e (99/124)
23478      50 117 KAKU  fb0f (99/123)
23528      50 118 KAKU  ff0f (122/147)
23579      51 119 KAKU  ff0f (125/174)

29315   5     1 ORSV1 0e480258 (75/132)
29563     248 2 ORSV1 0e480258 (87/132)

36725   7     1 KAKU  230e (124/173)
36775      50 2 KAKU  230e (126/147)
36825      50 3 KAKU  230e (73/126)
36876      51 4 KAKU  230e (84/134)
36926      50 5 KAKU  ff0f (124/152)
36976      50 6 KAKU  ff0f (126/134)
37026      50 7 KAKU  ff0f (147/151)
37076      50 8 KAKU  ff0f (146/178)
37830     754 9 KAKU  230e (144/151)
37880      50 10 KAKU  230e (126/178)
37930      50 11 KAKU  230e (127/178)
37981      51 12 KAKU  230e (123/177)
38031      50 13 KAKU  230e (117/144)
38081      50 14 KAKU  230e (124/177)
38131      50 15 KAKU  230e (124/175)
38182      51 16 KAKU  230e (74/125)
38232      50 17 KAKU  230e (123/177)
38282      50 18 KAKU  230e (92/144)
38333      51 19 KAKU  230e (126/177)
38383      50 20 KAKU  230e (99/126)
38433      50 21 KAKU  230e (153/152)
38483      50 22 KAKU  230e (126/150)
38534      51 23 KAKU  230e (149/151)
38584      50 24 KAKU  230e (125/176)
38634      50 25 KAKU  230e (100/148)
38735     101 26 KAKU  230e (126/177)
38785      50 27 KAKU  230e (151/151)
38836      51 28 KAKU  230e (99/125)
38886      50 29 KAKU  230e (130/152)
38936      50 30 KAKU  230e (126/152)
38987      51 31 KAKU  230e (129/150)
39037      50 32 KAKU  230e (124/164)
39087      50 33 KAKU  230e (121/171)
39138      51 34 KAKU  230e (123/150)
39188      50 35 KAKU  230e (146/169)
39238      50 36 KAKU  230e (127/150)
39289      51 37 KAKU  230e (155/152)
39339      50 38 KAKU  230e (125/150)
39389      50 39 KAKU  230e (148/156)
39440      51 40 KAKU  230e (127/147)
39490      50 41 KAKU  230e (146/177)
39540      50 42 KAKU  230e (100/125)
39591      51 43 KAKU  230e (126/151)
39641      50 44 KAKU  230e (125/149)
39691      50 45 KAKU  230e (149/150)
39742      51 46 KAKU  230e (126/127)
39792      50 47 KAKU  230e (125/177)
39842      50 48 KAKU  230e (77/127)
39893      51 49 KAKU  230e (125/177)
39943      50 50 KAKU  230e (74/126)
39994      51 51 KAKU  230e (125/177)
40044      50 52 KAKU  230e (74/126)
40094      50 53 KAKU  230e (123/177)
40145      51 54 KAKU  230e (150/177)
40195      50 55 KAKU  230e (99/124)
40245      50 56 KAKU  230e (124/177)
40296      51 57 KAKU  230e (72/125)
40346      50 58 KAKU  230e (125/177)
40396      50 59 KAKU  230e (105/157)
40447      51 60 KAKU  230e (125/177)
40497      50 61 KAKU  230e (127/177)
40548      51 62 KAKU  230e (100/125)
40598      50 63 KAKU  230e (152/177)
40648      50 64 KAKU  230e (99/123)
40699      51 65 KAKU  230e (124/178)
40749      50 66 KAKU  230e (83/135)
40800      51 67 KAKU  230e (126/178)
40850      50 68 KAKU  230e (126/151)
40900      50 69 KAKU  230e (125/176)
40951      51 70 KAKU  230e (123/170)
41001      50 71 KAKU  230e (126/162)
41052      51 72 KAKU  230e (146/162)
41102      50 73 KAKU  230e (126/151)
41152      50 74 KAKU  230e (149/177)
41203      51 75 KAKU  230e (101/126)
41253      50 76 KAKU  230e (124/177)
41304      51 77 KAKU  230e (93/144)
41354      50 78 KAKU  230e (126/177)
41404      50 79 KAKU  230e (87/139)
41455      51 80 KAKU  230e (126/177)
41505      50 81 KAKU  230e (84/136)
41555      50 82 KAKU  230e (74/125)
41606      51 83 KAKU  230e (124/177)
41656      50 84 KAKU  230e (88/142)
41707      51 85 KAKU  230e (126/177)
41757      50 86 KAKU  230e (131/151)
41807      50 87 KAKU  230e (125/124)
41858      51 88 KAKU  230e (125/177)
41908      50 89 KAKU  230e (109/140)
41959      51 90 KAKU  e30f (124/173)
42009      50 91 KAKU  ff0f (117/142)

59315  17     1 ORSV1 0e480258 (73/135)
59563     248 2 ORSV1 0e480258 (73/135)

89315  29     1 ORSV1 0e480258 (74/131)

119315  30     1 ORSV1 0e480258 (74/133)
119563     248 2 ORSV1 0e480258 (74/134)

149315  29     1 ORSV1 0e480258 (74/136)
149563     248 2 ORSV1 0e480258 (73/136)

179315  29     1 ORSV1 0e480258 (72/134)
179563     248 2 ORSV1 0e480258 (74/135)

209315  29     1 ORSV1 0e480258 (73/134)
209563     248 2 ORSV1 0e480258 (88/135)

239315  29     1 ORSV1 0e480258 (75/134)
239563     248 2 ORSV1 0e480258 (73/135)

269315  29     1 ORSV1 0e480258 (72/135)
269563     248 2 ORSV1 0e480258 (74/135)

299315  29     1 ORSV1 0e480258 (73/129)
299563     248 2 ORSV1 0e480258 (73/128)

329315  29     1 ORSV1 0e480258 (74/131)
329563     248 2 ORSV1 0e480258 (74/131)

359315  29     1 ORSV1 0e480258 (73/129)
359563     248 2 ORSV1 0e480258 (72/133)

376639  17     1 WS249 cb0f813ee8030028 (75/99)
376767     128 2 WS249 cb0f813ee8030028 (70/124)
376896     129 3 WS249 cb0f813ee8030028 (99/98)
377024     128 4 WS249 cb0f813ee8030028 (78/117)
377152     128 5 WS249 cb0f813ee8030028 (98/88)
377280     128 6 WS249 cb0f813ee8030028 (99/100)
377408     128 7 WS249 cb0f813ee8030028 (72/125)

389315  11     1 ORSV1 0e480258 (72/131)
389563     248 2 ORSV1 0e480258 (74/131)

419315  29     1 ORSV1 0e480258 (74/127)
419563     248 2 ORSV1 0e480258 (74/128)

449315  29     1 ORSV1 0e480258 (88/130)
449563     248 2 ORSV1 0e480258 (74/128)

455295   5     1 PHI   0923c02a (75/90)

479315  24     1 ORSV1 0e480258 (75/133)
479563     248 2 ORSV1 0e480258 (73/133)

509315  29     1 ORSV1 0e480258 (89/134)
509563     248 2 ORSV1 0e480258 (74/134)

539315  29     1 ORSV1 0e480258 (74/130)
539563     248 2 ORSV1 0e480258 (73/130)

569315  29     1 ORSV1 0e480258 (99/133)
569563     248 2 ORSV1 0e480258 (74/133)

599315  29     1 ORSV1 0e480258 (103/131)
599563     248 2 ORSV1 0e480258 (74/131)

629315  29     1 ORSV1 0e480258 (91/134)
629563     248 2 ORSV1 0e480258 (73/134)

659315  29     1 ORSV1 0e480258 (72/134)
659563     248 2 ORSV1 0e480258 (73/134)

689315  29     1 ORSV1 0e480258 (75/132)
689563     248 2 ORSV1 0e480258 (73/133)

719315  29     1 ORSV1 0e480258 (102/132)
719563     248 2 ORSV1 0e480258 (86/133)

749315  29     1 ORSV1 0e480258 (89/134)
749563     248 2 ORSV1 0e480258 (74/134)

779315  29     1 ORSV1 0e480258 (75/133)
779563     248 2 ORSV1 0e480258 (103/133)

809315  29     1 ORSV1 0e480258 (74/134)
809563     248 2 ORSV1 0e480258 (72/134)

839315  29     1 ORSV1 0e480258 (74/132)
839563     248 2 ORSV1 0e480258 (73/132)

869563  30     1 ORSV1 0e480258 (74/135)

899315  29     1 ORSV1 0e480258 (74/133)
899563     248 2 ORSV1 0e480258 (75/134)

929315  29     1 ORSV1 0e480258 (74/135)
929563     248 2 ORSV1 0e480258 (73/134)

934626   5     1 WS249 cb0f813ee8030028 (71/97)
934753     127 2 WS249 cb0f813ee8030028 (72/100)
934882     129 3 WS249 cb0f813ee8030028 (99/99)
935010     128 4 WS249 cb0f813ee8030028 (74/100)
935138     128 5 WS249 cb0f813ee8030028 (73/100)
935266     128 6 WS249 cb0f813ee8030028 (71/96)
935394     128 7 WS249 cb0f813ee8030028 (98/99)

959315  23     1 ORSV1 0e480258 (72/136)
959563     248 2 ORSV1 0e480258 (73/134)

989315  29     1 ORSV1 0e480258 (75/133)
989563     248 2 ORSV1 0e480258 (74/133)

1019315  29     1 ORSV1 0e480258 (72/133)
1019563     248 2 ORSV1 0e480258 (76/133)

1049315  29     1 ORSV1 0e480258 (72/133)
1049563     248 2 ORSV1 0e480258 (74/134)

1079315  29     1 ORSV1 0e480258 (73/134)
1079563     248 2 ORSV1 0e480258 (104/134)

1109315  29     1 ORSV1 0e480258 (73/133)
1109563     248 2 ORSV1 0e480258 (90/134)

1139315  29     1 ORSV1 0e480258 (74/134)
1139563     248 2 ORSV1 0e480258 (71/133)

1169315  29     1 ORSV1 0e480258 (73/133)
1169563     248 2 ORSV1 0e480258 (73/130)

1199315  29     1 ORSV1 0e480258 (74/134)
1199563     248 2 ORSV1 0e480258 (74/133)

1229315  29     1 ORSV1 0e480258 (74/135)
1229563     248 2 ORSV1 0e480258 (74/135)

1259315  29     1 ORSV1 0e480258 (73/134)
1259563     248 2 ORSV1 0e480258 (72/135)

1289315  29     1 ORSV1 0e480258 (73/131)
1289563     248 2 ORSV1 0e480258 (71/131)

1319315  29     1 ORSV1 0e480258 (75/135)
1319563     248 2 ORSV1 0e480258 (72/135)

1349315  29     1 ORSV1 0e470257 (73/135)
1349563     248 2 ORSV1 0e470257 (75/136)

1379315  29     1 ORSV1 0e470257 (72/136)
1379563     248 2 ORSV1 0e470257 (74/135)

1409315  29     1 ORSV1 0e470257 (91/135)
1409563     248 2 ORSV1 0e470257 (75/135)

1439315  29     1 ORSV1 0e470257 (72/135)
1439563     248 2 ORSV1 0e470257 (72/135)

1469315  29     1 ORSV1 0e470257 (75/134)
1469563     248 2 ORSV1 0e470257 (73/135)

1492611  23     1 WS249 cb0f813ee8030028 (91/95)
1492739     128 2 WS249 cb0f813ee8030028 (75/95)
1492868     129 3 WS249 cb0f813ee8030028 (96/95)
1492996     128 4 WS249 cb0f813ee8030028 (71/71)
1493123     127 5 WS249 cb0f813ee8030028 (73/96)
1493251     128 6 WS249 cb0f813ee8030028 (95/75)
1493379     128 7 WS249 cb0f813ee8030028 (92/96)

1499315   5     1 ORSV1 0e470257 (73/134)
1499563     248 2 ORSV1 0e470257 (73/135)

1529315  29     1 ORSV1 0e470257 (75/135)
1529563     248 2 ORSV1 0e470257 (74/135)

1559315  29     1 ORSV1 0e470257 (75/136)
1559563     248 2 ORSV1 0e470257 (75/135)

1589315  29     1 ORSV1 0e470257 (73/135)
1589563     248 2 ORSV1 0e470257 (75/134)

1619315  29     1 ORSV1 0e470257 (74/135)
1619563     248 2 ORSV1 0e470257 (74/135)

1649315  29     1 ORSV1 0e470257 (72/135)
1649563     248 2 ORSV1 0e470257 (83/135)

1653979   4     1 KAKU  630e (75/114)
1654029      50 2 KAKU  630e (114/132)
1654079      50 3 KAKU  630e (113/152)
1654129      50 4 KAKU  630e (92/130)
1654623     494 5 KAKU  630e (114/130)
1654674      51 6 KAKU  430e (94/129)
1654724      50 7 KAKU  430e (112/150)
1654774      50 8 KAKU  430e (94/112)
1654824      50 9 KAKU  430e (128/130)
1654874      50 10 KAKU  ff0f (111/148)
1654925      51 11 KAKU  ff0f (111/94)
1654975      50 12 KAKU  ff0f (89/125)
1655572     597 13 KAKU  230e (126/144)
1655622      50 14 KAKU  230e (107/138)
1655672      50 15 KAKU  230e (92/126)
1655722      50 16 KAKU  ff0f (126/143)

1679314  23     1 ORSV1 0e470257 (71/135)
1679563     249 2 ORSV1 0e470257 (74/135)

1709314  29     1 ORSV1 0e470257 (74/135)
1709563     249 2 ORSV1 0e470257 (75/135)

1715361   5     1 PHI   124a8056 (79/96)

1739314  23     1 ORSV1 0e470257 (75/134)
1739563     249 2 ORSV1 0e470257 (74/134)

1769314  29     1 ORSV1 0e470257 (76/134)
1769563     249 2 ORSV1 0e470257 (84/134)

1799314  29     1 ORSV1 0e460256 (76/134)
1799563     249 2 ORSV1 0e460256 (73/134)

1829314  29     1 ORSV1 0e460256 (88/130)
1829563     249 2 ORSV1 0e460256 (89/130)

1859314  29     1 ORSV1 0e460256 (75/131)
1859563     249 2 ORSV1 0e460256 (72/131)

1889314  29     1 ORSV1 0e460256 (74/135)
1889563     249 2 ORSV1 0e460256 (72/136)

1919314  29     1 ORSV1 0e460256 (76/134)
1919563     249 2 ORSV1 0e460256 (74/134)

1949314  29     1 ORSV1 0e460256 (86/134)
1949563     249 2 ORSV1 0e460256 (73/135)

1979314  29     1 ORSV1 0e460256 (82/137)
1979563     249 2 ORSV1 0e460256 (75/136)

2009314  29     1 ORSV1 0e460256 (72/140)
2009563     249 2 ORSV1 0e460256 (77/139)

2039314  29     1 ORSV1 0e460256 (71/133)
2039563     249 2 ORSV1 0e460256 (72/133)

2069314  29     1 ORSV1 0e460256 (90/138)
2069563     249 2 ORSV1 0e460256 (73/137)

2099314  29     1 ORSV1 0e460256 (91/137)
2099563     249 2 ORSV1 0e460256 (89/137)

2129314  29     1 ORSV1 0e460256 (75/138)
2129563     249 2 ORSV1 0e460256